<?xml version="1.0" encoding="UTF-8"?>
<testsuites>
  <testsuite name="/home/filipo/storage/storage/projetos/kobkob/code/Wordpress/plugins/KobGitUpdater/plugin/phpunit.xml" tests="38" assertions="90" errors="0" failures="0" skipped="0" time="0.057389">
    <testsuite name="Unit Tests" tests="38" assertions="90" errors="0" failures="0" skipped="0" time="0.057389">
      <testsuite name="KobGitUpdater\Tests\Unit\Core\ContainerTest" file="/home/filipo/storage/storage/projetos/kobkob/code/Wordpress/plugins/KobGitUpdater/plugin/tests/Unit/Core/ContainerTest.php" tests="9" assertions="13" errors="0" failures="0" skipped="0" time="0.032198">
        <testcase name="testCanRegisterAndGetService" file="/home/filipo/storage/storage/projetos/kobkob/code/Wordpress/plugins/KobGitUpdater/plugin/tests/Unit/Core/ContainerTest.php" line="20" class="KobGitUpdater\Tests\Unit\Core\ContainerTest" classname="KobGitUpdater.Tests.Unit.Core.ContainerTest" assertions="1" time="0.022557"/>
        <testcase name="testCanSetAndGetServiceInstance" file="/home/filipo/storage/storage/projetos/kobkob/code/Wordpress/plugins/KobGitUpdater/plugin/tests/Unit/Core/ContainerTest.php" line="31" class="KobGitUpdater\Tests\Unit\Core\ContainerTest" classname="KobGitUpdater.Tests.Unit.Core.ContainerTest" assertions="1" time="0.000161"/>
        <testcase name="testReturnsNullForNonExistentService" file="/home/filipo/storage/storage/projetos/kobkob/code/Wordpress/plugins/KobGitUpdater/plugin/tests/Unit/Core/ContainerTest.php" line="42" class="KobGitUpdater\Tests\Unit\Core\ContainerTest" classname="KobGitUpdater.Tests.Unit.Core.ContainerTest" assertions="2" time="0.005064"/>
        <testcase name="testHasReturnsTrueForRegisteredService" file="/home/filipo/storage/storage/projetos/kobkob/code/Wordpress/plugins/KobGitUpdater/plugin/tests/Unit/Core/ContainerTest.php" line="50" class="KobGitUpdater\Tests\Unit\Core\ContainerTest" classname="KobGitUpdater.Tests.Unit.Core.ContainerTest" assertions="2" time="0.001346"/>
        <testcase name="testHasReturnsTrueForSetService" file="/home/filipo/storage/storage/projetos/kobkob/code/Wordpress/plugins/KobGitUpdater/plugin/tests/Unit/Core/ContainerTest.php" line="58" class="KobGitUpdater\Tests\Unit\Core\ContainerTest" classname="KobGitUpdater.Tests.Unit.Core.ContainerTest" assertions="1" time="0.000154"/>
        <testcase name="testSingletonBehavior" file="/home/filipo/storage/storage/projetos/kobkob/code/Wordpress/plugins/KobGitUpdater/plugin/tests/Unit/Core/ContainerTest.php" line="65" class="KobGitUpdater\Tests\Unit\Core\ContainerTest" classname="KobGitUpdater.Tests.Unit.Core.ContainerTest" assertions="1" time="0.000131"/>
        <testcase name="testNonSingletonBehavior" file="/home/filipo/storage/storage/projetos/kobkob/code/Wordpress/plugins/KobGitUpdater/plugin/tests/Unit/Core/ContainerTest.php" line="75" class="KobGitUpdater\Tests\Unit\Core\ContainerTest" classname="KobGitUpdater.Tests.Unit.Core.ContainerTest" assertions="1" time="0.000097"/>
        <testcase name="testGetServiceIdsReturnsAllIds" file="/home/filipo/storage/storage/projetos/kobkob/code/Wordpress/plugins/KobGitUpdater/plugin/tests/Unit/Core/ContainerTest.php" line="87" class="KobGitUpdater\Tests\Unit\Core\ContainerTest" classname="KobGitUpdater.Tests.Unit.Core.ContainerTest" assertions="3" time="0.002488"/>
        <testcase name="testFactoryReceivesContainerInstance" file="/home/filipo/storage/storage/projetos/kobkob/code/Wordpress/plugins/KobGitUpdater/plugin/tests/Unit/Core/ContainerTest.php" line="99" class="KobGitUpdater\Tests\Unit\Core\ContainerTest" classname="KobGitUpdater.Tests.Unit.Core.ContainerTest" assertions="1" time="0.000200"/>
      </testsuite>
      <testsuite name="KobGitUpdater\Tests\Unit\Repository\Models\RepositoryTest" file="/home/filipo/storage/storage/projetos/kobkob/code/Wordpress/plugins/KobGitUpdater/plugin/tests/Unit/Repository/Models/RepositoryTest.php" tests="29" assertions="77" errors="0" failures="0" skipped="0" time="0.025192">
        <testcase name="test_constructor_creates_valid_repository" file="/home/filipo/storage/storage/projetos/kobkob/code/Wordpress/plugins/KobGitUpdater/plugin/tests/Unit/Repository/Models/RepositoryTest.php" line="41" class="KobGitUpdater\Tests\Unit\Repository\Models\RepositoryTest" classname="KobGitUpdater.Tests.Unit.Repository.Models.RepositoryTest" assertions="7" time="0.014997"/>
        <testcase name="test_constructor_with_defaults" file="/home/filipo/storage/storage/projetos/kobkob/code/Wordpress/plugins/KobGitUpdater/plugin/tests/Unit/Repository/Models/RepositoryTest.php" line="61" class="KobGitUpdater\Tests\Unit\Repository\Models\RepositoryTest" classname="KobGitUpdater.Tests.Unit.Repository.Models.RepositoryTest" assertions="2" time="0.000384"/>
        <testcase name="test_constructor_validates_owner" file="/home/filipo/storage/storage/projetos/kobkob/code/Wordpress/plugins/KobGitUpdater/plugin/tests/Unit/Repository/Models/RepositoryTest.php" line="74" class="KobGitUpdater\Tests\Unit\Repository\Models\RepositoryTest" classname="KobGitUpdater.Tests.Unit.Repository.Models.RepositoryTest" assertions="2" time="0.000227"/>
        <testcase name="test_constructor_validates_owner_format" file="/home/filipo/storage/storage/projetos/kobkob/code/Wordpress/plugins/KobGitUpdater/plugin/tests/Unit/Repository/Models/RepositoryTest.php" line="82" class="KobGitUpdater\Tests\Unit\Repository\Models\RepositoryTest" classname="KobGitUpdater.Tests.Unit.Repository.Models.RepositoryTest" assertions="2" time="0.000200"/>
        <testcase name="test_constructor_validates_repo" file="/home/filipo/storage/storage/projetos/kobkob/code/Wordpress/plugins/KobGitUpdater/plugin/tests/Unit/Repository/Models/RepositoryTest.php" line="90" class="KobGitUpdater\Tests\Unit\Repository\Models\RepositoryTest" classname="KobGitUpdater.Tests.Unit.Repository.Models.RepositoryTest" assertions="2" time="0.000199"/>
        <testcase name="test_constructor_validates_repo_format" file="/home/filipo/storage/storage/projetos/kobkob/code/Wordpress/plugins/KobGitUpdater/plugin/tests/Unit/Repository/Models/RepositoryTest.php" line="98" class="KobGitUpdater\Tests\Unit\Repository\Models\RepositoryTest" classname="KobGitUpdater.Tests.Unit.Repository.Models.RepositoryTest" assertions="2" time="0.000200"/>
        <testcase name="test_constructor_validates_type" file="/home/filipo/storage/storage/projetos/kobkob/code/Wordpress/plugins/KobGitUpdater/plugin/tests/Unit/Repository/Models/RepositoryTest.php" line="106" class="KobGitUpdater\Tests\Unit\Repository\Models\RepositoryTest" classname="KobGitUpdater.Tests.Unit.Repository.Models.RepositoryTest" assertions="2" time="0.000212"/>
        <testcase name="test_constructor_validates_slug" file="/home/filipo/storage/storage/projetos/kobkob/code/Wordpress/plugins/KobGitUpdater/plugin/tests/Unit/Repository/Models/RepositoryTest.php" line="114" class="KobGitUpdater\Tests\Unit\Repository\Models\RepositoryTest" classname="KobGitUpdater.Tests.Unit.Repository.Models.RepositoryTest" assertions="2" time="0.000217"/>
        <testcase name="test_constructor_validates_default_branch" file="/home/filipo/storage/storage/projetos/kobkob/code/Wordpress/plugins/KobGitUpdater/plugin/tests/Unit/Repository/Models/RepositoryTest.php" line="122" class="KobGitUpdater\Tests\Unit\Repository\Models\RepositoryTest" classname="KobGitUpdater.Tests.Unit.Repository.Models.RepositoryTest" assertions="2" time="0.000216"/>
        <testcase name="test_from_array_creates_repository" file="/home/filipo/storage/storage/projetos/kobkob/code/Wordpress/plugins/KobGitUpdater/plugin/tests/Unit/Repository/Models/RepositoryTest.php" line="130" class="KobGitUpdater\Tests\Unit\Repository\Models\RepositoryTest" classname="KobGitUpdater.Tests.Unit.Repository.Models.RepositoryTest" assertions="7" time="0.000257"/>
        <testcase name="test_from_array_with_missing_data" file="/home/filipo/storage/storage/projetos/kobkob/code/Wordpress/plugins/KobGitUpdater/plugin/tests/Unit/Repository/Models/RepositoryTest.php" line="153" class="KobGitUpdater\Tests\Unit\Repository\Models\RepositoryTest" classname="KobGitUpdater.Tests.Unit.Repository.Models.RepositoryTest" assertions="2" time="0.000201"/>
        <testcase name="test_to_array_returns_complete_data" file="/home/filipo/storage/storage/projetos/kobkob/code/Wordpress/plugins/KobGitUpdater/plugin/tests/Unit/Repository/Models/RepositoryTest.php" line="161" class="KobGitUpdater\Tests\Unit\Repository\Models\RepositoryTest" classname="KobGitUpdater.Tests.Unit.Repository.Models.RepositoryTest" assertions="13" time="0.001072"/>
        <testcase name="test_get_github_url" file="/home/filipo/storage/storage/projetos/kobkob/code/Wordpress/plugins/KobGitUpdater/plugin/tests/Unit/Repository/Models/RepositoryTest.php" line="190" class="KobGitUpdater\Tests\Unit\Repository\Models\RepositoryTest" classname="KobGitUpdater.Tests.Unit.Repository.Models.RepositoryTest" assertions="1" time="0.000236"/>
        <testcase name="test_get_display_name" file="/home/filipo/storage/storage/projetos/kobkob/code/Wordpress/plugins/KobGitUpdater/plugin/tests/Unit/Repository/Models/RepositoryTest.php" line="200" class="KobGitUpdater\Tests\Unit\Repository\Models\RepositoryTest" classname="KobGitUpdater.Tests.Unit.Repository.Models.RepositoryTest" assertions="1" time="0.000223"/>
        <testcase name="test_is_plugin" file="/home/filipo/storage/storage/projetos/kobkob/code/Wordpress/plugins/KobGitUpdater/plugin/tests/Unit/Repository/Models/RepositoryTest.php" line="207" class="KobGitUpdater\Tests\Unit\Repository\Models\RepositoryTest" classname="KobGitUpdater.Tests.Unit.Repository.Models.RepositoryTest" assertions="2" time="0.000246"/>
        <testcase name="test_is_theme" file="/home/filipo/storage/storage/projetos/kobkob/code/Wordpress/plugins/KobGitUpdater/plugin/tests/Unit/Repository/Models/RepositoryTest.php" line="216" class="KobGitUpdater\Tests\Unit\Repository\Models\RepositoryTest" classname="KobGitUpdater.Tests.Unit.Repository.Models.RepositoryTest" assertions="2" time="0.000254"/>
        <testcase name="test_get_type_label" file="/home/filipo/storage/storage/projetos/kobkob/code/Wordpress/plugins/KobGitUpdater/plugin/tests/Unit/Repository/Models/RepositoryTest.php" line="225" class="KobGitUpdater\Tests\Unit\Repository\Models\RepositoryTest" classname="KobGitUpdater.Tests.Unit.Repository.Models.RepositoryTest" assertions="2" time="0.000256"/>
        <testcase name="test_set_slug" file="/home/filipo/storage/storage/projetos/kobkob/code/Wordpress/plugins/KobGitUpdater/plugin/tests/Unit/Repository/Models/RepositoryTest.php" line="234" class="KobGitUpdater\Tests\Unit\Repository\Models\RepositoryTest" classname="KobGitUpdater.Tests.Unit.Repository.Models.RepositoryTest" assertions="1" time="0.000228"/>
        <testcase name="test_set_slug_validates_empty" file="/home/filipo/storage/storage/projetos/kobkob/code/Wordpress/plugins/KobGitUpdater/plugin/tests/Unit/Repository/Models/RepositoryTest.php" line="243" class="KobGitUpdater\Tests\Unit\Repository\Models\RepositoryTest" classname="KobGitUpdater.Tests.Unit.Repository.Models.RepositoryTest" assertions="2" time="0.000254"/>
        <testcase name="test_set_default_branch" file="/home/filipo/storage/storage/projetos/kobkob/code/Wordpress/plugins/KobGitUpdater/plugin/tests/Unit/Repository/Models/RepositoryTest.php" line="253" class="KobGitUpdater\Tests\Unit\Repository\Models\RepositoryTest" classname="KobGitUpdater.Tests.Unit.Repository.Models.RepositoryTest" assertions="1" time="0.000224"/>
        <testcase name="test_set_default_branch_validates_empty" file="/home/filipo/storage/storage/projetos/kobkob/code/Wordpress/plugins/KobGitUpdater/plugin/tests/Unit/Repository/Models/RepositoryTest.php" line="262" class="KobGitUpdater\Tests\Unit\Repository\Models\RepositoryTest" classname="KobGitUpdater.Tests.Unit.Repository.Models.RepositoryTest" assertions="2" time="0.000338"/>
        <testcase name="test_set_is_private" file="/home/filipo/storage/storage/projetos/kobkob/code/Wordpress/plugins/KobGitUpdater/plugin/tests/Unit/Repository/Models/RepositoryTest.php" line="272" class="KobGitUpdater\Tests\Unit\Repository\Models\RepositoryTest" classname="KobGitUpdater.Tests.Unit.Repository.Models.RepositoryTest" assertions="1" time="0.000251"/>
        <testcase name="test_compare_to_sorts_by_type_first" file="/home/filipo/storage/storage/projetos/kobkob/code/Wordpress/plugins/KobGitUpdater/plugin/tests/Unit/Repository/Models/RepositoryTest.php" line="281" class="KobGitUpdater\Tests\Unit\Repository\Models\RepositoryTest" classname="KobGitUpdater.Tests.Unit.Repository.Models.RepositoryTest" assertions="2" time="0.001526"/>
        <testcase name="test_compare_to_sorts_by_key_when_same_type" file="/home/filipo/storage/storage/projetos/kobkob/code/Wordpress/plugins/KobGitUpdater/plugin/tests/Unit/Repository/Models/RepositoryTest.php" line="290" class="KobGitUpdater\Tests\Unit\Repository\Models\RepositoryTest" classname="KobGitUpdater.Tests.Unit.Repository.Models.RepositoryTest" assertions="2" time="0.000296"/>
        <testcase name="test_equals" file="/home/filipo/storage/storage/projetos/kobkob/code/Wordpress/plugins/KobGitUpdater/plugin/tests/Unit/Repository/Models/RepositoryTest.php" line="299" class="KobGitUpdater\Tests\Unit\Repository\Models\RepositoryTest" classname="KobGitUpdater.Tests.Unit.Repository.Models.RepositoryTest" assertions="3" time="0.000293"/>
        <testcase name="test_to_json" file="/home/filipo/storage/storage/projetos/kobkob/code/Wordpress/plugins/KobGitUpdater/plugin/tests/Unit/Repository/Models/RepositoryTest.php" line="311" class="KobGitUpdater\Tests\Unit\Repository\Models\RepositoryTest" classname="KobGitUpdater.Tests.Unit.Repository.Models.RepositoryTest" assertions="4" time="0.001460"/>
        <testcase name="test_from_json" file="/home/filipo/storage/storage/projetos/kobkob/code/Wordpress/plugins/KobGitUpdater/plugin/tests/Unit/Repository/Models/RepositoryTest.php" line="324" class="KobGitUpdater\Tests\Unit\Repository\Models\RepositoryTest" classname="KobGitUpdater.Tests.Unit.Repository.Models.RepositoryTest" assertions="3" time="0.000246"/>
        <testcase name="test_from_json_invalid_json" file="/home/filipo/storage/storage/projetos/kobkob/code/Wordpress/plugins/KobGitUpdater/plugin/tests/Unit/Repository/Models/RepositoryTest.php" line="344" class="KobGitUpdater\Tests\Unit\Repository\Models\RepositoryTest" classname="KobGitUpdater.Tests.Unit.Repository.Models.RepositoryTest" assertions="2" time="0.000204"/>
        <testcase name="test_to_string" file="/home/filipo/storage/storage/projetos/kobkob/code/Wordpress/plugins/KobGitUpdater/plugin/tests/Unit/Repository/Models/RepositoryTest.php" line="352" class="KobGitUpdater\Tests\Unit\Repository\Models\RepositoryTest" classname="KobGitUpdater.Tests.Unit.Repository.Models.RepositoryTest" assertions="1" time="0.000276"/>
      </testsuite>
    </testsuite>
  </testsuite>
</testsuites>
